# JRE version: Java(TM) SE Runtime Environment (7.0_45-b18) (build 1.7.0_45-b18)
# Java VM: Java HotSpot(TM) 64-Bit Server VM (24.45-b08 mixed mode bsd-amd64 compressed oops)
Heap
 PSYoungGen      total 19456K, used 7330K [0x0000000140680000, 0x0000000141c00000, 0x0000000155c00000)
  eden space 16896K, 28% used [0x0000000140680000,0x0000000140b2ca68,0x0000000141700000)
  from space 2560K, 99% used [0x0000000141980000,0x0000000141bfc020,0x0000000141c00000)
  to   space 2560K, 0% used [0x0000000141700000,0x0000000141700000,0x0000000141980000)
 ParOldGen       total 43520K, used 4137K [0x0000000115c00000, 0x0000000118680000, 0x0000000140680000)
  object space 43520K, 9% used [0x0000000115c00000,0x000000011600a460,0x0000000118680000)
 PSPermGen       total 21504K, used 14336K [0x0000000110a00000, 0x0000000111f00000, 0x0000000115c00000)
  object space 21504K, 66% used [0x0000000110a00000,0x00000001118003a0,0x0000000111f00000)
GC Heap History (8 events):
Event: 12.869 GC heap before
{Heap before GC invocations=1 (full 0):
 PSYoungGen      total 19456K, used 16896K [0x0000000140680000, 0x0000000141c00000, 0x0000000155c00000)
  eden space 16896K, 100% used [0x0000000140680000,0x0000000141700000,0x0000000141700000)
  from space 2560K, 0% used [0x0000000141980000,0x0000000141980000,0x0000000141c00000)
  to   space 2560K, 0% used [0x0000000141700000,0x0000000141700000,0x0000000141980000)
 ParOldGen       total 43520K, used 0K [0x0000000115c00000, 0x0000000118680000, 0x0000000140680000)
  object space 43520K, 0% used [0x0000000115c00000,0x0000000115c00000,0x0000000118680000)
 PSPermGen       total 21504K, used 7614K [0x0000000110a00000, 0x0000000111f00000, 0x0000000115c00000)
  object space 21504K, 35% used [0x0000000110a00000,0x000000011116f840,0x0000000111f00000)
Event: 12.878 GC heap after
Heap after GC invocations=1 (full 0):
 PSYoungGen      total 19456K, used 2549K [0x0000000140680000, 0x0000000141c00000, 0x0000000155c00000)
  eden space 16896K, 0% used [0x0000000140680000,0x0000000140680000,0x0000000141700000)
  from space 2560K, 99% used [0x0000000141700000,0x000000014197d4d0,0x0000000141980000)
  to   space 2560K, 0% used [0x0000000141980000,0x0000000141980000,0x0000000141c00000)
 ParOldGen       total 43520K, used 416K [0x0000000115c00000, 0x0000000118680000, 0x0000000140680000)
  object space 43520K, 0% used [0x0000000115c00000,0x0000000115c68270,0x0000000118680000)
 PSPermGen       total 21504K, used 7614K [0x0000000110a00000, 0x0000000111f00000, 0x0000000115c00000)
  object space 21504K, 35% used [0x0000000110a00000,0x000000011116f840,0x0000000111f00000)
}
Event: 16.483 GC heap before
{Heap before GC invocations=2 (full 0):
 PSYoungGen      total 19456K, used 19445K [0x0000000140680000, 0x0000000141c00000, 0x0000000155c00000)
  eden space 16896K, 100% used [0x0000000140680000,0x0000000141700000,0x0000000141700000)
  from space 2560K, 99% used [0x0000000141700000,0x000000014197d4d0,0x0000000141980000)
  to   space 2560K, 0% used [0x0000000141980000,0x0000000141980000,0x0000000141c00000)
 ParOldGen       total 43520K, used 416K [0x0000000115c00000, 0x0000000118680000, 0x0000000140680000)
  object space 43520K, 0% used [0x0000000115c00000,0x0000000115c68270,0x0000000118680000)
 PSPermGen       total 21504K, used 9850K [0x0000000110a00000, 0x0000000111f00000, 0x0000000115c00000)
  object space 21504K, 45% used [0x0000000110a00000,0x000000011139ea60,0x0000000111f00000)
Event: 16.499 GC heap after
Heap after GC invocations=2 (full 0):
 PSYoungGen      total 19456K, used 2544K [0x0000000140680000, 0x0000000141c00000, 0x0000000155c00000)
  eden space 16896K, 0% used [0x0000000140680000,0x0000000140680000,0x0000000141700000)
  from space 2560K, 99% used [0x0000000141980000,0x0000000141bfc010,0x0000000141c00000)
  to   space 2560K, 0% used [0x0000000141700000,0x0000000141700000,0x0000000141980000)
 ParOldGen       total 43520K, used 1260K [0x0000000115c00000, 0x0000000118680000, 0x0000000140680000)
  object space 43520K, 2% used [0x0000000115c00000,0x0000000115d3b1d0,0x0000000118680000)
 PSPermGen       total 21504K, used 9850K [0x0000000110a00000, 0x0000000111f00000, 0x0000000115c00000)
  object space 21504K, 45% used [0x0000000110a00000,0x000000011139ea60,0x0000000111f00000)
}
Event: 28.355 GC heap before
{Heap before GC invocations=3 (full 0):
 PSYoungGen      total 19456K, used 19440K [0x0000000140680000, 0x0000000141c00000, 0x0000000155c00000)
  eden space 16896K, 100% used [0x0000000140680000,0x0000000141700000,0x0000000141700000)
  from space 2560K, 99% used [0x0000000141980000,0x0000000141bfc010,0x0000000141c00000)
  to   space 2560K, 0% used [0x0000000141700000,0x0000000141700000,0x0000000141980000)
 ParOldGen       total 43520K, used 1260K [0x0000000115c00000, 0x0000000118680000, 0x0000000140680000)
  object space 43520K, 2% used [0x0000000115c00000,0x0000000115d3b1d0,0x0000000118680000)
 PSPermGen       total 21504K, used 12670K [0x0000000110a00000, 0x0000000111f00000, 0x0000000115c00000)
  object space 21504K, 58% used [0x0000000110a00000,0x000000011165fa28,0x0000000111f00000)
Event: 28.366 GC heap after
Heap after GC invocations=3 (full 0):
 PSYoungGen      total 19456K, used 2544K [0x0000000140680000, 0x0000000141c00000, 0x0000000155c00000)
  eden space 16896K, 0% used [0x0000000140680000,0x0000000140680000,0x0000000141700000)
  from space 2560K, 99% used [0x0000000141700000,0x000000014197c020,0x0000000141980000)
  to   space 2560K, 0% used [0x0000000141980000,0x0000000141980000,0x0000000141c00000)
 ParOldGen       total 43520K, used 2479K [0x0000000115c00000, 0x0000000118680000, 0x0000000140680000)
  object space 43520K, 5% used [0x0000000115c00000,0x0000000115e6bef0,0x0000000118680000)
 PSPermGen       total 21504K, used 12670K [0x0000000110a00000, 0x0000000111f00000, 0x0000000115c00000)
  object space 21504K, 58% used [0x0000000110a00000,0x000000011165fa28,0x0000000111f00000)
}
Event: 45.110 GC heap before
{Heap before GC invocations=4 (full 0):
 PSYoungGen      total 19456K, used 19440K [0x0000000140680000, 0x0000000141c00000, 0x0000000155c00000)
  eden space 16896K, 100% used [0x0000000140680000,0x0000000141700000,0x0000000141700000)
  from space 2560K, 99% used [0x0000000141700000,0x000000014197c020,0x0000000141980000)
  to   space 2560K, 0% used [0x0000000141980000,0x0000000141980000,0x0000000141c00000)
 ParOldGen       total 43520K, used 2479K [0x0000000115c00000, 0x0000000118680000, 0x0000000140680000)
  object space 43520K, 5% used [0x0000000115c00000,0x0000000115e6bef0,0x0000000118680000)
 PSPermGen       total 21504K, used 14261K [0x0000000110a00000, 0x0000000111f00000, 0x0000000115c00000)
  object space 21504K, 66% used [0x0000000110a00000,0x00000001117ed5b8,0x0000000111f00000)
Event: 45.123 GC heap after
Heap after GC invocations=4 (full 0):
 PSYoungGen      total 19456K, used 2544K [0x0000000140680000, 0x0000000141c00000, 0x0000000155c00000)
  eden space 16896K, 0% used [0x0000000140680000,0x0000000140680000,0x0000000141700000)
  from space 2560K, 99% used [0x0000000141980000,0x0000000141bfc020,0x0000000141c00000)
  to   space 2560K, 0% used [0x0000000141700000,0x0000000141700000,0x0000000141980000)
 ParOldGen       total 43520K, used 4137K [0x0000000115c00000, 0x0000000118680000, 0x0000000140680000)
  object space 43520K, 9% used [0x0000000115c00000,0x000000011600a460,0x0000000118680000)
 PSPermGen       total 21504K, used 14261K [0x0000000110a00000, 0x0000000111f00000, 0x0000000115c00000)
  object space 21504K, 66% used [0x0000000110a00000,0x00000001117ed5b8,0x0000000111f00000)
}

